2024-03-23 18:35:15,778 - INFO - Fullclean application started.
2024-03-23 18:35:16,636 - INFO - Fullclean application exited.
2024-03-23 18:35:21,427 - INFO - Database application started.
2024-03-23 18:35:21,429 - INFO - Database application exited.
2024-03-23 19:02:38,785 - INFO - Fullclean application started.
2024-03-23 19:02:40,253 - INFO - Fullclean application exited.
2024-03-23 19:02:40,253 - INFO - Database application started.
2024-03-23 19:02:40,255 - INFO - Database application exited.
2024-03-23 19:02:40,256 - INFO - File application started.
2024-03-23 19:02:45,931 - INFO - New user 'dav' registered successfully.
2024-03-23 19:02:56,509 - INFO - Fullclean application started.
2024-03-23 19:02:58,606 - INFO - Fullclean application exited.
2024-03-23 19:02:58,607 - INFO - Database application started.
2024-03-23 19:02:58,608 - INFO - Database application exited.
2024-03-23 19:02:58,609 - INFO - File application started.
2024-03-23 19:03:09,718 - INFO - Fullclean application started.
2024-03-23 19:03:10,735 - INFO - Fullclean application exited.
2024-03-23 19:03:10,735 - INFO - Database application started.
2024-03-23 19:03:10,736 - INFO - Database application exited.
2024-03-23 19:03:10,736 - INFO - File application started.
2024-03-23 19:10:48,355 - INFO - File application started.
2024-03-23 19:11:59,450 - INFO - Fullclean application started.
2024-03-23 19:12:00,336 - INFO - Fullclean application exited.
2024-03-23 19:12:13,617 - INFO - Database application started.
2024-03-23 19:12:13,622 - INFO - Database application exited.
2024-03-23 19:12:17,933 - INFO - Fullclean application started.
2024-03-23 19:12:18,933 - INFO - Fullclean application exited.
2024-03-23 19:12:26,923 - INFO - Fullclean application started.
2024-03-23 19:12:27,727 - INFO - Fullclean application exited.
2024-03-23 19:12:27,727 - INFO - Database application started.
2024-03-23 19:12:27,730 - INFO - Database application exited.
2024-03-23 19:12:31,791 - INFO - Main application started.
2024-03-23 19:12:34,611 - INFO - New user 'dav' registered successfully.
2024-03-23 19:12:36,643 - INFO - Main application started.
2024-03-23 19:12:53,675 - INFO - Main application started.
2024-03-23 19:12:58,864 - INFO - Main application started.
2024-03-23 19:13:00,837 - INFO - User 'dav' logged in successfully.
2024-03-23 19:13:06,538 - INFO - Main application started.
2024-03-23 19:13:08,780 - INFO - User 'dav' logged in successfully.
2024-03-23 19:13:12,437 - INFO - File 'Nationalism -- Hutchinson, John, 1949-; Smith, Anthony D -- Oxford, 1994 -- Oxford ; New York_ Oxford University Press -- 9780192892607 -- e04a8ecbccb978591f4f382bc2a48d11 -- Anna’s Archive.pdf' uploaded successfully.
2024-03-23 19:18:53,171 - INFO - Fullclean application started.
2024-03-23 19:18:54,138 - INFO - Fullclean application exited.
2024-03-23 19:19:54,420 - INFO - Fullclean application started.
2024-03-23 19:19:55,667 - INFO - Fullclean application exited.
2024-03-23 19:20:01,753 - INFO - Main application started.
2024-03-23 19:20:06,217 - INFO - New user 'dav' registered successfully.
2024-03-23 19:20:08,869 - INFO - Main application started.
2024-03-23 19:21:04,534 - INFO - Database application started.
2024-03-23 19:21:04,539 - INFO - Database application exited.
2024-03-23 19:21:07,241 - INFO - Fullclean application started.
2024-03-23 19:21:08,361 - INFO - Fullclean application exited.
2024-03-23 19:21:10,364 - INFO - Database application started.
2024-03-23 19:21:10,366 - INFO - Database application exited.
2024-03-23 19:21:47,355 - INFO - Main application started.
2024-03-23 19:21:49,838 - INFO - New user 'dav' registered successfully.
2024-03-23 19:21:52,576 - INFO - Main application started.
2024-03-23 19:21:54,912 - INFO - User 'dav' logged in successfully.
2024-03-23 19:21:59,225 - INFO - File 'Chester, Close Parallels.pdf' uploaded successfully.
2024-03-23 19:23:08,659 - INFO - Main application started.
2024-03-23 19:23:11,070 - INFO - User 'dav' logged in successfully.
2024-03-23 19:23:16,492 - INFO - File 'scc105 Reviews Details.pdf' uploaded successfully.
2024-03-23 19:23:47,818 - INFO - File 'Computer Architecture, Sixth Edition_ A Quantitative Approach ( PDFDrive ).pdf' uploaded successfully.
2024-03-23 19:26:25,582 - INFO - Fullclean application started.
2024-03-23 19:26:26,540 - INFO - Fullclean application exited.
2024-03-23 19:28:46,232 - INFO - Database application started.
